<?xml version="1.0" encoding="UTF-8"?>
<testng-results ignored="0" total="1" passed="1" failed="0" skipped="0">
  <reporter-output>
  </reporter-output>
  <suite started-at="2018-12-05T08:06:31Z" name="Default suite" finished-at="2018-12-05T08:12:30Z" duration-ms="358607">
    <groups>
    </groups>
    <test started-at="2018-12-05T08:06:31Z" name="Default test" finished-at="2018-12-05T08:12:30Z" duration-ms="358607">
      <class name="Package.APCO">
        <test-method is-config="true" signature="Login()[pri:0, instance:Package.APCO@63070bab]" started-at="2018-12-05T08:06:31Z" name="Login" finished-at="2018-12-05T08:07:11Z" duration-ms="39698" status="PASS">
          <reporter-output>
          </reporter-output>
        </test-method> <!-- Login -->
        <test-method signature="Case1000()[pri:0, instance:Package.APCO@63070bab]" started-at="2018-12-05T08:07:11Z" name="Case1000" finished-at="2018-12-05T08:12:30Z" duration-ms="318824" status="PASS">
          <reporter-output>
          </reporter-output>
        </test-method> <!-- Case1000 -->
      </class> <!-- Package.APCO -->
    </test> <!-- Default test -->
  </suite> <!-- Default suite -->
</testng-results>
